<?xml version="1.0" encoding="UTF-8"?>
<!-- Generated by org.testng.reporters.JUnitXMLReporter -->
<testsuite ignored="0" hostname="INBook_X1" failures="1" tests="1" name="Test2" time="22.111" errors="0" timestamp="2022-09-18T17:30:16 IST">
  <testcase classname="uk.co.automationtesting.com.AddRemoveItemBasketTest" name="addRemoveItem" time="18.803">
    <failure type="java.lang.AssertionError" message="cart amount did not match the expected,it found$45.24expected $45.24">
      <![CDATA[java.lang.AssertionError: cart amount did not match the expected,it found$45.24expected $45.24
at uk.co.automationtesting.com.AddRemoveItemBasketTest.addRemoveItem(AddRemoveItemBasketTest.java:92)
at java.base/java.util.ArrayList.forEach(ArrayList.java:1511)
... Removed 28 stack frames]]>
    </failure>
  </testcase> <!-- addRemoveItem -->
</testsuite> <!-- Test2 -->
